<?xml version="1.0" encoding="UTF-8"?>
<!-- Generated by org.testng.reporters.JUnitReportReporter -->
<testsuite hostname="DESKTOP-NESTOR" failures="0" tests="1" name="pages.ExceptionTest" time="6.139" errors="0" timestamp="2025-07-23T12:16:22 WAT" skipped="0">
  <testcase classname="pages.ExceptionTest" name="TestNoSuchElementException" time="6.139"/>
</testsuite> <!-- pages.ExceptionTest -->
