<?xml version="1.0" encoding="UTF-8"?>
<!-- Generated by org.testng.reporters.JUnitReportReporter -->
<testsuite hostname="DESKTOP-NESTOR" failures="0" tests="3" name="pages.LoginTest" time="33.689" errors="0" timestamp="2025-07-23T12:16:22 WAT" skipped="0">
  <testcase classname="pages.LoginTest" name="positiveLogin" time="11.365"/>
  <testcase classname="pages.LoginTest" name="NegativeUserName" time="12.860"/>
  <testcase classname="pages.LoginTest" name="NegativePassword" time="9.464"/>
</testsuite> <!-- pages.LoginTest -->
